[debug] [2026-01-19T13:18:14.402Z] ----------------------------------------------------------------------
[debug] [2026-01-19T13:18:14.404Z] Command:       C:\Program Files\nodejs\node.exe C:\Users\Ali Hammoud\AppData\Roaming\npm\node_modules\firebase-tools\lib\bin\firebase.js init
[debug] [2026-01-19T13:18:14.404Z] CLI Version:   15.3.1
[debug] [2026-01-19T13:18:14.404Z] Platform:      win32
[debug] [2026-01-19T13:18:14.404Z] Node Version:  v22.15.0
[debug] [2026-01-19T13:18:14.404Z] Time:          Mon Jan 19 2026 09:18:14 GMT-0400 (Atlantic Standard Time)
[debug] [2026-01-19T13:18:14.405Z] ----------------------------------------------------------------------
[debug] 
[debug] [2026-01-19T13:18:14.406Z] >>> [apiv2][query] GET https://firebase-public.firebaseio.com/cli.json [none]
[warn] !  JSON error trying to load C:\Users\Ali Hammoud\SnowDay\.firebaserc 
[info] 
     ######## #### ########  ######## ########     ###     ######  ########
     ##        ##  ##     ## ##       ##     ##  ##   ##  ##       ##
     ######    ##  ########  ######   ########  #########  ######  ######
     ##        ##  ##    ##  ##       ##     ## ##     ##       ## ##
     ##       #### ##     ## ######## ########  ##     ##  ######  ########

You're about to initialize a Firebase project in this directory:

  C:\Users\Ali Hammoud\SnowDay

Before we get started, keep in mind:

  * You are initializing within an existing Firebase project directory

[debug] [2026-01-19T13:18:15.792Z] <<< [apiv2][status] GET https://firebase-public.firebaseio.com/cli.json 200
[debug] [2026-01-19T13:18:15.792Z] <<< [apiv2][body] GET https://firebase-public.firebaseio.com/cli.json {"cloudBuildErrorAfter":1594252800000,"cloudBuildWarnAfter":1590019200000,"defaultNode10After":1594252800000,"minVersion":"3.0.5","node8DeploysDisabledAfter":1613390400000,"node8RuntimeDisabledAfter":1615809600000,"node8WarnAfter":1600128000000}
[debug] [2026-01-19T13:32:59.002Z] ----------------------------------------------------------------------
[debug] [2026-01-19T13:32:59.004Z] Command:       C:\Program Files\nodejs\node.exe C:\Users\Ali Hammoud\AppData\Roaming\npm\node_modules\firebase-tools\lib\bin\firebase.js init
[debug] [2026-01-19T13:32:59.004Z] CLI Version:   15.3.1
[debug] [2026-01-19T13:32:59.004Z] Platform:      win32
[debug] [2026-01-19T13:32:59.004Z] Node Version:  v22.15.0
[debug] [2026-01-19T13:32:59.004Z] Time:          Mon Jan 19 2026 09:32:59 GMT-0400 (Atlantic Standard Time)
[debug] [2026-01-19T13:32:59.005Z] ----------------------------------------------------------------------
[debug] 
[warn] !  JSON error trying to load C:\Users\Ali Hammoud\SnowDay\.firebaserc 
[info] 
     ######## #### ########  ######## ########     ###     ######  ########
     ##        ##  ##     ## ##       ##     ##  ##   ##  ##       ##
     ######    ##  ########  ######   ########  #########  ######  ######
     ##        ##  ##    ##  ##       ##     ## ##     ##       ## ##
     ##       #### ##     ## ######## ########  ##     ##  ######  ########

You're about to initialize a Firebase project in this directory:

  C:\Users\Ali Hammoud\SnowDay

Before we get started, keep in mind:

  * You are initializing within an existing Firebase project directory

[info] 
=== Project Setup
[info] 
[info] First, let's associate this project directory with a Firebase project.
[info] You can create multiple project aliases by running firebase use --add, 
[info] 
[info] i  If you want to create a project in a Google Cloud organization or folder, please use "firebase projects:create" instead, and return to this command when you've created the project. 
[debug] [2026-01-19T13:33:58.951Z] > command requires scopes: ["email","openid","https://www.googleapis.com/auth/cloudplatformprojects.readonly","https://www.googleapis.com/auth/firebase","https://www.googleapis.com/auth/cloud-platform"]
[debug] [2026-01-19T13:33:58.951Z] > authorizing via signed-in user (alihammoud0202@gmail.com)
[debug] [2026-01-19T13:34:11.145Z] Checked if tokens are valid: false, expires at: 1746820628322
[debug] [2026-01-19T13:34:11.145Z] Checked if tokens are valid: false, expires at: 1746820628322
[debug] [2026-01-19T13:34:11.145Z] > refreshing access token with scopes: []
[debug] [2026-01-19T13:34:11.146Z] >>> [apiv2][query] POST https://www.googleapis.com/oauth2/v3/token [none]
[debug] [2026-01-19T13:34:11.146Z] >>> [apiv2][body] POST https://www.googleapis.com/oauth2/v3/token [omitted]
[debug] [2026-01-19T13:34:11.289Z] <<< [apiv2][status] POST https://www.googleapis.com/oauth2/v3/token 400
[debug] [2026-01-19T13:34:11.290Z] <<< [apiv2][body] POST https://www.googleapis.com/oauth2/v3/token [omitted]
[debug] [2026-01-19T13:34:11.290Z] >>> [apiv2][query] POST https://firebase.googleapis.com/v1/projects:checkProjectId [none]
[debug] [2026-01-19T13:34:11.290Z] >>> [apiv2][body] POST https://firebase.googleapis.com/v1/projects:checkProjectId {"proposedId":"snowday-predictor"}
[debug] [2026-01-19T13:34:11.493Z] <<< [apiv2][status] POST https://firebase.googleapis.com/v1/projects:checkProjectId 401
[debug] [2026-01-19T13:34:11.493Z] <<< [apiv2][body] POST https://firebase.googleapis.com/v1/projects:checkProjectId {"error":{"code":401,"message":"Request had invalid authentication credentials. Expected OAuth 2 access token, login cookie or other valid authentication credential. See https://developers.google.com/identity/sign-in/web/devconsole-project.","status":"UNAUTHENTICATED"}}
[debug] [2026-01-19T13:34:11.493Z] Got a 401 Unauthenticated error for a call that required authentication. Refreshing tokens.
[debug] [2026-01-19T13:34:11.493Z] Checked if tokens are valid: false, expires at: 1746820628322
[debug] [2026-01-19T13:34:11.493Z] Checked if tokens are valid: false, expires at: 1746820628322
[debug] [2026-01-19T13:34:11.493Z] > refreshing access token with scopes: []
[debug] [2026-01-19T13:34:11.493Z] >>> [apiv2][query] POST https://www.googleapis.com/oauth2/v3/token [none]
[debug] [2026-01-19T13:34:11.493Z] >>> [apiv2][body] POST https://www.googleapis.com/oauth2/v3/token [omitted]
[debug] [2026-01-19T13:34:11.569Z] <<< [apiv2][status] POST https://www.googleapis.com/oauth2/v3/token 400
[debug] [2026-01-19T13:34:11.569Z] <<< [apiv2][body] POST https://www.googleapis.com/oauth2/v3/token [omitted]
[debug] [2026-01-19T13:34:11.570Z] Couldn't check if project ID snowday-predictor is available. Original error: FirebaseError: Failed to check if project ID is available. See firebase-debug.log for more info.
[debug] [2026-01-19T13:34:25.528Z] Checked if tokens are valid: false, expires at: 1746820628322
[debug] [2026-01-19T13:34:25.529Z] Checked if tokens are valid: false, expires at: 1746820628322
[debug] [2026-01-19T13:34:25.529Z] > refreshing access token with scopes: []
[debug] [2026-01-19T13:34:25.529Z] >>> [apiv2][query] POST https://www.googleapis.com/oauth2/v3/token [none]
[debug] [2026-01-19T13:34:25.529Z] >>> [apiv2][body] POST https://www.googleapis.com/oauth2/v3/token [omitted]
[debug] [2026-01-19T13:34:25.644Z] <<< [apiv2][status] POST https://www.googleapis.com/oauth2/v3/token 400
[debug] [2026-01-19T13:34:25.644Z] <<< [apiv2][body] POST https://www.googleapis.com/oauth2/v3/token [omitted]
[debug] [2026-01-19T13:34:25.645Z] >>> [apiv2][query] POST https://cloudresourcemanager.googleapis.com/v1/projects [none]
[debug] [2026-01-19T13:34:25.645Z] >>> [apiv2][body] POST https://cloudresourcemanager.googleapis.com/v1/projects {"projectId":"snowday-predictor","name":"snowday-predictor"}
[debug] [2026-01-19T13:34:25.826Z] <<< [apiv2][status] POST https://cloudresourcemanager.googleapis.com/v1/projects 401
[debug] [2026-01-19T13:34:25.826Z] <<< [apiv2][body] POST https://cloudresourcemanager.googleapis.com/v1/projects {"error":{"code":401,"message":"Request had invalid authentication credentials. Expected OAuth 2 access token, login cookie or other valid authentication credential. See https://developers.google.com/identity/sign-in/web/devconsole-project.","status":"UNAUTHENTICATED","details":[{"@type":"type.googleapis.com/google.rpc.ErrorInfo","reason":"ACCESS_TOKEN_TYPE_UNSUPPORTED","metadata":{"method":"google.cloudresourcemanager.v1.Projects.CreateProject","service":"cloudresourcemanager.googleapis.com"}}]}}
[debug] [2026-01-19T13:34:25.826Z] Got a 401 Unauthenticated error for a call that required authentication. Refreshing tokens.
[debug] [2026-01-19T13:34:25.826Z] Checked if tokens are valid: false, expires at: 1746820628322
[debug] [2026-01-19T13:34:25.826Z] Checked if tokens are valid: false, expires at: 1746820628322
[debug] [2026-01-19T13:34:25.826Z] > refreshing access token with scopes: []
[debug] [2026-01-19T13:34:25.827Z] >>> [apiv2][query] POST https://www.googleapis.com/oauth2/v3/token [none]
[debug] [2026-01-19T13:34:25.827Z] >>> [apiv2][body] POST https://www.googleapis.com/oauth2/v3/token [omitted]
[debug] [2026-01-19T13:34:25.900Z] <<< [apiv2][status] POST https://www.googleapis.com/oauth2/v3/token 400
[debug] [2026-01-19T13:34:25.900Z] <<< [apiv2][body] POST https://www.googleapis.com/oauth2/v3/token [omitted]
[debug] [2026-01-19T13:34:25.984Z] FirebaseError: Request to https://cloudresourcemanager.googleapis.com/v1/projects had HTTP Error: 401, Request had invalid authentication credentials. Expected OAuth 2 access token, login cookie or other valid authentication credential. See https://developers.google.com/identity/sign-in/web/devconsole-project.
    at responseToError (C:\Users\Ali Hammoud\AppData\Roaming\npm\node_modules\firebase-tools\lib\responseToError.js:53:12)
    at RetryOperation._fn (C:\Users\Ali Hammoud\AppData\Roaming\npm\node_modules\firebase-tools\lib\apiv2.js:320:77)
    at process.processTicksAndRejections (node:internal/process/task_queues:105:5)
[error] 
[error] Error: Failed to create project. See firebase-debug.log for more info.
[debug] [2026-01-19T13:36:56.041Z] ----------------------------------------------------------------------
[debug] [2026-01-19T13:36:56.043Z] Command:       C:\Program Files\nodejs\node.exe C:\Users\Ali Hammoud\AppData\Roaming\npm\node_modules\firebase-tools\lib\bin\firebase.js init
[debug] [2026-01-19T13:36:56.043Z] CLI Version:   15.3.1
[debug] [2026-01-19T13:36:56.043Z] Platform:      win32
[debug] [2026-01-19T13:36:56.043Z] Node Version:  v22.15.0
[debug] [2026-01-19T13:36:56.043Z] Time:          Mon Jan 19 2026 09:36:56 GMT-0400 (Atlantic Standard Time)
[debug] [2026-01-19T13:36:56.043Z] ----------------------------------------------------------------------
[debug] 
[warn] !  JSON error trying to load C:\Users\Ali Hammoud\SnowDay\.firebaserc 
[info] 
     ######## #### ########  ######## ########     ###     ######  ########
     ##        ##  ##     ## ##       ##     ##  ##   ##  ##       ##
     ######    ##  ########  ######   ########  #########  ######  ######
     ##        ##  ##    ##  ##       ##     ## ##     ##       ## ##
     ##       #### ##     ## ######## ########  ##     ##  ######  ########

You're about to initialize a Firebase project in this directory:

  C:\Users\Ali Hammoud\SnowDay

Before we get started, keep in mind:

  * You are initializing within an existing Firebase project directory

[info] 
=== Project Setup
[info] 
[info] First, let's associate this project directory with a Firebase project.
[info] You can create multiple project aliases by running firebase use --add, 
[info] 
[debug] [2026-01-19T13:37:42.441Z] > command requires scopes: ["email","openid","https://www.googleapis.com/auth/cloudplatformprojects.readonly","https://www.googleapis.com/auth/firebase","https://www.googleapis.com/auth/cloud-platform"]
[debug] [2026-01-19T13:37:42.441Z] > authorizing via signed-in user (alihammoud0202@gmail.com)
[debug] [2026-01-19T13:37:42.442Z] Checked if tokens are valid: false, expires at: 1746820628322
[debug] [2026-01-19T13:37:42.442Z] Checked if tokens are valid: false, expires at: 1746820628322
[debug] [2026-01-19T13:37:42.442Z] > refreshing access token with scopes: []
[debug] [2026-01-19T13:37:42.443Z] >>> [apiv2][query] POST https://www.googleapis.com/oauth2/v3/token [none]
[debug] [2026-01-19T13:37:42.443Z] >>> [apiv2][body] POST https://www.googleapis.com/oauth2/v3/token [omitted]
[debug] [2026-01-19T13:37:42.598Z] <<< [apiv2][status] POST https://www.googleapis.com/oauth2/v3/token 400
[debug] [2026-01-19T13:37:42.598Z] <<< [apiv2][body] POST https://www.googleapis.com/oauth2/v3/token [omitted]
[debug] [2026-01-19T13:37:42.599Z] >>> [apiv2][query] GET https://firebase.googleapis.com/v1beta1/projects pageSize=100
[debug] [2026-01-19T13:37:42.722Z] <<< [apiv2][status] GET https://firebase.googleapis.com/v1beta1/projects 401
[debug] [2026-01-19T13:37:42.722Z] <<< [apiv2][body] GET https://firebase.googleapis.com/v1beta1/projects [omitted]
[debug] [2026-01-19T13:37:42.722Z] Got a 401 Unauthenticated error for a call that required authentication. Refreshing tokens.
[debug] [2026-01-19T13:37:42.722Z] Checked if tokens are valid: false, expires at: 1746820628322
[debug] [2026-01-19T13:37:42.722Z] Checked if tokens are valid: false, expires at: 1746820628322
[debug] [2026-01-19T13:37:42.722Z] > refreshing access token with scopes: []
[debug] [2026-01-19T13:37:42.723Z] >>> [apiv2][query] POST https://www.googleapis.com/oauth2/v3/token [none]
[debug] [2026-01-19T13:37:42.723Z] >>> [apiv2][body] POST https://www.googleapis.com/oauth2/v3/token [omitted]
[debug] [2026-01-19T13:37:42.794Z] <<< [apiv2][status] POST https://www.googleapis.com/oauth2/v3/token 400
[debug] [2026-01-19T13:37:42.794Z] <<< [apiv2][body] POST https://www.googleapis.com/oauth2/v3/token [omitted]
[debug] [2026-01-19T13:37:42.795Z] Request to https://firebase.googleapis.com/v1beta1/projects?pageSize=100 had HTTP Error: 401, Request had invalid authentication credentials. Expected OAuth 2 access token, login cookie or other valid authentication credential. See https://developers.google.com/identity/sign-in/web/devconsole-project.
[debug] [2026-01-19T13:37:42.883Z] FirebaseError: Request to https://firebase.googleapis.com/v1beta1/projects?pageSize=100 had HTTP Error: 401, Request had invalid authentication credentials. Expected OAuth 2 access token, login cookie or other valid authentication credential. See https://developers.google.com/identity/sign-in/web/devconsole-project.
    at responseToError (C:\Users\Ali Hammoud\AppData\Roaming\npm\node_modules\firebase-tools\lib\responseToError.js:53:12)
    at RetryOperation._fn (C:\Users\Ali Hammoud\AppData\Roaming\npm\node_modules\firebase-tools\lib\apiv2.js:320:77)
    at process.processTicksAndRejections (node:internal/process/task_queues:105:5)
[error] 
[error] Error: Failed to list Firebase projects. See firebase-debug.log for more info.
